19-10-31 17:20:42 [INFO] Logger started.
19-10-31 17:20:42 [INFO] Logging system initialized.
19-10-31 17:20:42 [INFO] Detected Minecraft version: 1.8.8
19-10-31 17:20:45 [INFO] McAccess set to: 1.8.4-1.8.8 / Spigot-CB-1.8_R3
19-10-31 17:20:45 [INFO] Added block-info for Minecraft 1.5 blocks.
19-10-31 17:20:45 [INFO] Added block-info for Minecraft 1.6.1 blocks.
19-10-31 17:20:45 [INFO] Added block-info for Minecraft 1.7.2 blocks.
19-10-31 17:20:45 [INFO] Added block-info for Minecraft 1.8 blocks.
19-10-31 17:20:45 [INFO] Inventory checks: FastConsume is available, disabled InstantEat.
19-10-31 17:20:45 [INFO] Packet level access: ProtocolLib is not available.
19-10-31 17:20:45 [INFO] Version 3.13.7-RC-sMD5NET-b925 is enabled.
19-10-31 17:20:50 [INFO] Post-enable running...
19-10-31 17:20:50 [INFO] Post-enable finished.
19-10-31 17:20:51 [INFO] Added hook: AllViolations(NCP) [1.0].
19-10-31 17:20:51 [INFO] ---- Version information ----
#### Server ####
git-Spigot-db6de12-18fbb24 ~MC: 1.8.8~
  detected: 1.8.8
#### NoCheatPlus ####
Plugin: 3.13.7-RC-sMD5NET-b925
MCAccess: 1.8.4-1.8.8 / Spigot-CB-1.8_R3
Features:
  blocks: BlocksMC1_4 | BlocksMC1_5 | BlocksMC1_6_1 | BlocksMC1_7_2 | BlocksMC1_8
  defaults: pvpKnockBackVelocity
Hooks: AllViolations~NCP~ 1.0
19-11-25 02:59:07 [INFO] Logger started.
19-11-25 02:59:07 [INFO] Logging system initialized.
19-11-25 02:59:07 [INFO] Detected Minecraft version: 1.8.8
19-11-25 02:59:10 [INFO] McAccess set to: 1.8.4-1.8.8 / Spigot-CB-1.8_R3
19-11-25 02:59:10 [INFO] Added block-info for Minecraft 1.5 blocks.
19-11-25 02:59:10 [INFO] Added block-info for Minecraft 1.6.1 blocks.
19-11-25 02:59:10 [INFO] Added block-info for Minecraft 1.7.2 blocks.
19-11-25 02:59:10 [INFO] Added block-info for Minecraft 1.8 blocks.
19-11-25 02:59:10 [INFO] Inventory checks: FastConsume is available, disabled InstantEat.
19-11-25 02:59:10 [INFO] Packet level access: ProtocolLib is not available.
19-11-25 02:59:10 [INFO] Version 3.13.7-RC-sMD5NET-b925 is enabled.
19-11-25 02:59:12 [INFO] Post-enable running...
19-11-25 02:59:12 [INFO] Post-enable finished.
19-11-25 02:59:12 [INFO] Added hook: AllViolations(NCP) [1.0].
19-11-25 02:59:12 [INFO] ---- Version information ----
#### Server ####
git-Spigot-db6de12-18fbb24 ~MC: 1.8.8~
  detected: 1.8.8
#### NoCheatPlus ####
Plugin: 3.13.7-RC-sMD5NET-b925
MCAccess: 1.8.4-1.8.8 / Spigot-CB-1.8_R3
Features:
  blocks: BlocksMC1_4 | BlocksMC1_5 | BlocksMC1_6_1 | BlocksMC1_7_2 | BlocksMC1_8
  checks: FastConsume | Gutenberg
  defaults: pvpKnockBackVelocity
Hooks: AllViolations~NCP~ 1.0
19-11-25 03:06:40 [INFO] Logger started.
19-11-25 03:06:40 [INFO] Logging system initialized.
19-11-25 03:06:40 [INFO] Detected Minecraft version: 1.8.8
19-11-25 03:06:42 [INFO] McAccess set to: 1.8.4-1.8.8 / Spigot-CB-1.8_R3
19-11-25 03:06:42 [INFO] Added block-info for Minecraft 1.5 blocks.
19-11-25 03:06:42 [INFO] Added block-info for Minecraft 1.6.1 blocks.
19-11-25 03:06:42 [INFO] Added block-info for Minecraft 1.7.2 blocks.
19-11-25 03:06:42 [INFO] Added block-info for Minecraft 1.8 blocks.
19-11-25 03:06:42 [INFO] Inventory checks: FastConsume is available, disabled InstantEat.
19-11-25 03:06:42 [INFO] Packet level access: ProtocolLib is not available.
19-11-25 03:06:42 [INFO] Version 3.13.7-RC-sMD5NET-b925 is enabled.
19-11-25 03:06:44 [INFO] Post-enable running...
19-11-25 03:06:44 [INFO] Post-enable finished.
19-11-25 03:06:45 [INFO] Added hook: AllViolations(NCP) [1.0].
19-11-25 03:06:45 [INFO] ---- Version information ----
#### Server ####
git-Spigot-db6de12-18fbb24 ~MC: 1.8.8~
  detected: 1.8.8
#### NoCheatPlus ####
Plugin: 3.13.7-RC-sMD5NET-b925
MCAccess: 1.8.4-1.8.8 / Spigot-CB-1.8_R3
Features:
  blocks: BlocksMC1_4 | BlocksMC1_5 | BlocksMC1_6_1 | BlocksMC1_7_2 | BlocksMC1_8
  checks: FastConsume | Gutenberg
  defaults: pvpKnockBackVelocity
Hooks: AllViolations~NCP~ 1.0
